Module date position: date_strip, dimensions: 0.00,0.00,0.33,0.10
Module time position: time_strip, dimensions: 0.00,0.10,0.20,0.20
Module time position: seconds_strip, dimensions: 0.20,0.10,0.33,0.20
Module Complements position: lower_third, dimensions: 0.00,0.65,1.00,0.80
Module newsapi.com position: news_strip, dimensions: 0.00,0.80,1.00,1.00
Module calendar position: calendar_strip1, dimensions: 0.00,0.20,0.25,0.50
Module calendar2 position: calendar_strip2, dimensions: 0.26,0.20,0.33,0.50
Module PymirrorController has no rect defined, cannot allocate bitmap.
 * Serving Flask app 'pmserver.pmserver'
 * Debug mode: off
Traceback (most recent call last):
  File "/Users/greg/git/pymirror/src/pymirror/pymirror.py", line 172, in run
    modules_changed = self._exec_modules() # update / check the state of all modules
  File "/Users/greg/git/pymirror/src/pymirror/pymirror.py", line 144, in _exec_modules
    state_changed = module.exec() # update module state (returns True if the state has changed)
  File "/Users/greg/git/pymirror/src/modules/web_api.py", line 67, in exec
    self.result = self._read_api()
                  ~~~~~~~~~~~~~~^^
  File "/Users/greg/git/pymirror/src/modules/web_api.py", line 51, in _read_api
    self._read_items()
    ~~~~~~~~~~~~~~~~^^
  File "/Users/greg/git/pymirror/src/modules/web_api.py", line 33, in _read_items
    total_items = int(display.get("total", "1"))
ValueError: invalid literal for int() with base 10: "{{payload.totalResults.split(' - ')[0] }}"
